(node:26856) [DEP0169] DeprecationWarning: `url.parse()` behavior is not standardized and prone to errors that have security implications. Use the WHATWG URL API instead. CVEs are not issued for `url.parse()` vulnerabilities.
(Use `node --trace-deprecation ...` to show where the warning was created)
Unhandled error: RequestError: Invalid object name 'Users.Customers'.
    at handleError (C:\Users\hocvi\OneDrive\Documents\Study\IE103_QuanLyThongTin\SourceCode\backend\node_modules\mssql\lib\tedious\request.js:384:15)
    at Connection.emit (node:events:508:28)
    at Connection.emit (C:\Users\hocvi\OneDrive\Documents\Study\IE103_QuanLyThongTin\SourceCode\backend\node_modules\tedious\lib\connection.js:959:18)
    at RequestTokenHandler.onErrorMessage (C:\Users\hocvi\OneDrive\Documents\Study\IE103_QuanLyThongTin\SourceCode\backend\node_modules\tedious\lib\token\handler.js:285:21)
    at Readable.<anonymous> (C:\Users\hocvi\OneDrive\Documents\Study\IE103_QuanLyThongTin\SourceCode\backend\node_modules\tedious\lib\token\token-stream-parser.js:18:33)
    at Readable.emit (node:events:508:28)
    at addChunk (node:internal/streams/readable:563:12)
    at readableAddChunkPushObjectMode (node:internal/streams/readable:540:3)
    at Readable.push (node:internal/streams/readable:395:5)
    at nextAsync (node:internal/streams/from:194:22) {
  code: 'EREQUEST',
  originalError: Error: Invalid object name 'Users.Customers'.
      at handleError (C:\Users\hocvi\OneDrive\Documents\Study\IE103_QuanLyThongTin\SourceCode\backend\node_modules\mssql\lib\tedious\request.js:382:19)
      at Connection.emit (node:events:508:28)
      at Connection.emit (C:\Users\hocvi\OneDrive\Documents\Study\IE103_QuanLyThongTin\SourceCode\backend\node_modules\tedious\lib\connection.js:959:18)
      at RequestTokenHandler.onErrorMessage (C:\Users\hocvi\OneDrive\Documents\Study\IE103_QuanLyThongTin\SourceCode\backend\node_modules\tedious\lib\token\handler.js:285:21)
      at Readable.<anonymous> (C:\Users\hocvi\OneDrive\Documents\Study\IE103_QuanLyThongTin\SourceCode\backend\node_modules\tedious\lib\token\token-stream-parser.js:18:33)
      at Readable.emit (node:events:508:28)
      at addChunk (node:internal/streams/readable:563:12)
      at readableAddChunkPushObjectMode (node:internal/streams/readable:540:3)
      at Readable.push (node:internal/streams/readable:395:5)
      at nextAsync (node:internal/streams/from:194:22) {
    info: ErrorMessageToken {
      name: 'ERROR',
      handlerName: 'onErrorMessage',
      number: 208,
      state: 1,
      class: 16,
      message: "Invalid object name 'Users.Customers'.",
      serverName: 'LAPTOP-HEHNHJV9\\SQLEXPRESS',
      procName: '',
      lineNumber: 1
    }
  },
  number: 208,
  lineNumber: 1,
  state: 1,
  class: 16,
  serverName: 'LAPTOP-HEHNHJV9\\SQLEXPRESS',
  procName: '',
  precedingErrors: []
}
